<?xml version="1.0" encoding="UTF-8"?>
<!-- Generated by org.testng.reporters.JUnitReportReporter -->
<testsuite hostname="LAPTOP-3CGTSEGH" failures="0" tests="1" name="testObjects.blogSearchTest" time="66.764" errors="0" timestamp="11 Jun 2019 21:04:31 GMT" skipped="0">
  <testcase classname="testObjects.blogSearchTest" name="blogSearchTestMethod" time="66.764"/>
</testsuite> <!-- testObjects.blogSearchTest -->
